c:\users\gameuser\documents\project (final)\experimentalpool\box2d-master\box2d\build\vs2017\obj\debug\glfw\glfw.pdb
c:\users\gameuser\documents\project (final)\experimentalpool\box2d-master\box2d\build\vs2017\obj\debug\glfw\glfw.idb
c:\users\gameuser\documents\project (final)\experimentalpool\box2d-master\box2d\build\vs2017\obj\debug\glfw\context.obj
c:\users\gameuser\documents\project (final)\experimentalpool\box2d-master\box2d\build\vs2017\obj\debug\glfw\egl_context.obj
c:\users\gameuser\documents\project (final)\experimentalpool\box2d-master\box2d\build\vs2017\obj\debug\glfw\init.obj
c:\users\gameuser\documents\project (final)\experimentalpool\box2d-master\box2d\build\vs2017\obj\debug\glfw\input.obj
c:\users\gameuser\documents\project (final)\experimentalpool\box2d-master\box2d\build\vs2017\obj\debug\glfw\monitor.obj
c:\users\gameuser\documents\project (final)\experimentalpool\box2d-master\box2d\build\vs2017\obj\debug\glfw\vulkan.obj
c:\users\gameuser\documents\project (final)\experimentalpool\box2d-master\box2d\build\vs2017\obj\debug\glfw\wgl_context.obj
c:\users\gameuser\documents\project (final)\experimentalpool\box2d-master\box2d\build\vs2017\obj\debug\glfw\win32_init.obj
c:\users\gameuser\documents\project (final)\experimentalpool\box2d-master\box2d\build\vs2017\obj\debug\glfw\win32_joystick.obj
c:\users\gameuser\documents\project (final)\experimentalpool\box2d-master\box2d\build\vs2017\obj\debug\glfw\win32_monitor.obj
c:\users\gameuser\documents\project (final)\experimentalpool\box2d-master\box2d\build\vs2017\obj\debug\glfw\win32_time.obj
c:\users\gameuser\documents\project (final)\experimentalpool\box2d-master\box2d\build\vs2017\obj\debug\glfw\win32_tls.obj
c:\users\gameuser\documents\project (final)\experimentalpool\box2d-master\box2d\build\vs2017\obj\debug\glfw\win32_window.obj
c:\users\gameuser\documents\project (final)\experimentalpool\box2d-master\box2d\build\vs2017\obj\debug\glfw\window.obj
c:\users\gameuser\documents\project (final)\experimentalpool\box2d-master\box2d\build\vs2017\bin\debug\glfw.lib
c:\users\gameuser\documents\project (final)\experimentalpool\box2d-master\box2d\build\vs2017\obj\debug\glfw\glfw.tlog\cl.command.1.tlog
c:\users\gameuser\documents\project (final)\experimentalpool\box2d-master\box2d\build\vs2017\obj\debug\glfw\glfw.tlog\cl.read.1.tlog
c:\users\gameuser\documents\project (final)\experimentalpool\box2d-master\box2d\build\vs2017\obj\debug\glfw\glfw.tlog\cl.write.1.tlog
c:\users\gameuser\documents\project (final)\experimentalpool\box2d-master\box2d\build\vs2017\obj\debug\glfw\glfw.tlog\lib-link.read.1.tlog
c:\users\gameuser\documents\project (final)\experimentalpool\box2d-master\box2d\build\vs2017\obj\debug\glfw\glfw.tlog\lib-link.write.1.tlog
c:\users\gameuser\documents\project (final)\experimentalpool\box2d-master\box2d\build\vs2017\obj\debug\glfw\glfw.tlog\lib.command.1.tlog
